{"message":"expected `::`, found `:`","code":null,"level":"error","spans":[{"file_name":"random-test/main.rs","byte_start":22,"byte_end":23,"line_start":2,"line_end":2,"column_start":12,"column_end":13,"is_primary":true,"text":[{"text":"use std::fs:File;","highlight_start":12,"highlight_end":13}],"label":null,"suggested_replacement":null,"suggestion_applicability":null,"expansion":null}],"children":[{"message":"import paths are delimited using `::`","code":null,"level":"note","spans":[],"children":[],"rendered":null},{"message":"use double colon","code":null,"level":"help","spans":[{"file_name":"random-test/main.rs","byte_start":22,"byte_end":23,"line_start":2,"line_end":2,"column_start":12,"column_end":13,"is_primary":true,"text":[{"text":"use std::fs:File;","highlight_start":12,"highlight_end":13}],"label":null,"suggested_replacement":"::","suggestion_applicability":"MachineApplicable","expansion":null}],"children":[],"rendered":null}],"rendered":"\u001b[0m\u001b[1m\u001b[38;5;9merror\u001b[0m\u001b[0m\u001b[1m: expected `::`, found `:`\u001b[0m\n\u001b[0m \u001b[0m\u001b[0m\u001b[1m\u001b[38;5;12m--> \u001b[0m\u001b[0mrandom-test/main.rs:2:12\u001b[0m\n\u001b[0m  \u001b[0m\u001b[0m\u001b[1m\u001b[38;5;12m|\u001b[0m\n\u001b[0m\u001b[1m\u001b[38;5;12m2\u001b[0m\u001b[0m \u001b[0m\u001b[0m\u001b[1m\u001b[38;5;12m|\u001b[0m\u001b[0m \u001b[0m\u001b[0muse std::fs:File;\u001b[0m\n\u001b[0m  \u001b[0m\u001b[0m\u001b[1m\u001b[38;5;12m| \u001b[0m\u001b[0m           \u001b[0m\u001b[0m\u001b[1m\u001b[38;5;9m^\u001b[0m\u001b[0m \u001b[0m\u001b[0m\u001b[1m\u001b[38;5;9mhelp: use double colon\u001b[0m\n\u001b[0m  \u001b[0m\u001b[0m\u001b[1m\u001b[38;5;12m|\u001b[0m\n\u001b[0m  \u001b[0m\u001b[0m\u001b[1m\u001b[38;5;12m= \u001b[0m\u001b[0m\u001b[1mnote\u001b[0m\u001b[0m: import paths are delimited using `::`\u001b[0m\n\n"}
{"message":"expected type, found crate `serde`","code":{"code":"E0573","explanation":"Something other than a type has been used when one was expected.\n\nErroneous code examples:\n\n```compile_fail,E0573\nenum Dragon {\n    Born,\n}\n\nfn oblivion() -> Dragon::Born { // error!\n    Dragon::Born\n}\n\nconst HOBBIT: u32 = 2;\nimpl HOBBIT {} // error!\n\nenum Wizard {\n    Gandalf,\n    Saruman,\n}\n\ntrait Isengard {\n    fn wizard(_: Wizard::Saruman); // error!\n}\n```\n\nIn all these errors, a type was expected. For example, in the first error, if\nwe want to return the `Born` variant from the `Dragon` enum, we must set the\nfunction to return the enum and not its variant:\n\n```\nenum Dragon {\n    Born,\n}\n\nfn oblivion() -> Dragon { // ok!\n    Dragon::Born\n}\n```\n\nIn the second error, you can't implement something on an item, only on types.\nWe would need to create a new type if we wanted to do something similar:\n\n```\nstruct Hobbit(u32); // we create a new type\n\nconst HOBBIT: Hobbit = Hobbit(2);\nimpl Hobbit {} // ok!\n```\n\nIn the third case, we tried to only expect one variant of the `Wizard` enum,\nwhich is not possible. To make this work, we need to using pattern matching\nover the `Wizard` enum:\n\n```\nenum Wizard {\n    Gandalf,\n    Saruman,\n}\n\ntrait Isengard {\n    fn wizard(w: Wizard) { // ok!\n        match w {\n            Wizard::Saruman => {\n                // do something\n            }\n            _ => {} // ignore everything else\n        }\n    }\n}\n```\n"},"level":"error","spans":[{"file_name":"random-test/main.rs","byte_start":145,"byte_end":150,"line_start":7,"line_end":7,"column_start":15,"column_end":20,"is_primary":true,"text":[{"text":"    let json: serde = serde::Deserialize(file)","highlight_start":15,"highlight_end":20}],"label":"not a type","suggested_replacement":null,"suggestion_applicability":null,"expansion":null}],"children":[],"rendered":"\u001b[0m\u001b[1m\u001b[38;5;9merror[E0573]\u001b[0m\u001b[0m\u001b[1m: expected type, found crate `serde`\u001b[0m\n\u001b[0m \u001b[0m\u001b[0m\u001b[1m\u001b[38;5;12m--> \u001b[0m\u001b[0mrandom-test/main.rs:7:15\u001b[0m\n\u001b[0m  \u001b[0m\u001b[0m\u001b[1m\u001b[38;5;12m|\u001b[0m\n\u001b[0m\u001b[1m\u001b[38;5;12m7\u001b[0m\u001b[0m \u001b[0m\u001b[0m\u001b[1m\u001b[38;5;12m|\u001b[0m\u001b[0m \u001b[0m\u001b[0m    let json: serde = serde::Deserialize(file)\u001b[0m\n\u001b[0m  \u001b[0m\u001b[0m\u001b[1m\u001b[38;5;12m| \u001b[0m\u001b[0m              \u001b[0m\u001b[0m\u001b[1m\u001b[38;5;9m^^^^^\u001b[0m\u001b[0m \u001b[0m\u001b[0m\u001b[1m\u001b[38;5;9mnot a type\u001b[0m\n\n"}
{"message":"expected function, tuple struct or tuple variant, found trait `serde::Deserialize`","code":{"code":"E0423","explanation":"An identifier was used like a function name or a value was expected and the\nidentifier exists but it belongs to a different namespace.\n\nErroneous code example:\n\n```compile_fail,E0423\nstruct Foo { a: bool };\n\nlet f = Foo();\n// error: expected function, tuple struct or tuple variant, found `Foo`\n// `Foo` is a struct name, but this expression uses it like a function name\n```\n\nPlease verify you didn't misspell the name of what you actually wanted to use\nhere. Example:\n\n```\nfn Foo() -> u32 { 0 }\n\nlet f = Foo(); // ok!\n```\n\nIt is common to forget the trailing `!` on macro invocations, which would also\nyield this error:\n\n```compile_fail,E0423\nprintln(\"\");\n// error: expected function, tuple struct or tuple variant,\n// found macro `println`\n// did you mean `println!(...)`? (notice the trailing `!`)\n```\n\nAnother case where this error is emitted is when a value is expected, but\nsomething else is found:\n\n```compile_fail,E0423\npub mod a {\n    pub const I: i32 = 1;\n}\n\nfn h1() -> i32 {\n    a.I\n    //~^ ERROR expected value, found module `a`\n    // did you mean `a::I`?\n}\n```\n"},"level":"error","spans":[{"file_name":"random-test/main.rs","byte_start":153,"byte_end":171,"line_start":7,"line_end":7,"column_start":23,"column_end":41,"is_primary":true,"text":[{"text":"    let json: serde = serde::Deserialize(file)","highlight_start":23,"highlight_end":41}],"label":"not a function, tuple struct or tuple variant","suggested_replacement":null,"suggestion_applicability":null,"expansion":null}],"children":[],"rendered":"\u001b[0m\u001b[1m\u001b[38;5;9merror[E0423]\u001b[0m\u001b[0m\u001b[1m: expected function, tuple struct or tuple variant, found trait `serde::Deserialize`\u001b[0m\n\u001b[0m \u001b[0m\u001b[0m\u001b[1m\u001b[38;5;12m--> \u001b[0m\u001b[0mrandom-test/main.rs:7:23\u001b[0m\n\u001b[0m  \u001b[0m\u001b[0m\u001b[1m\u001b[38;5;12m|\u001b[0m\n\u001b[0m\u001b[1m\u001b[38;5;12m7\u001b[0m\u001b[0m \u001b[0m\u001b[0m\u001b[1m\u001b[38;5;12m|\u001b[0m\u001b[0m \u001b[0m\u001b[0m    let json: serde = serde::Deserialize(file)\u001b[0m\n\u001b[0m  \u001b[0m\u001b[0m\u001b[1m\u001b[38;5;12m| \u001b[0m\u001b[0m                      \u001b[0m\u001b[0m\u001b[1m\u001b[38;5;9m^^^^^^^^^^^^^^^^^^\u001b[0m\u001b[0m \u001b[0m\u001b[0m\u001b[1m\u001b[38;5;9mnot a function, tuple struct or tuple variant\u001b[0m\n\n"}
{"message":"aborting due to 3 previous errors","code":null,"level":"error","spans":[],"children":[],"rendered":"\u001b[0m\u001b[1m\u001b[38;5;9merror\u001b[0m\u001b[0m\u001b[1m: aborting due to 3 previous errors\u001b[0m\n\n"}
{"message":"Some errors have detailed explanations: E0423, E0573.","code":null,"level":"failure-note","spans":[],"children":[],"rendered":"\u001b[0m\u001b[1mSome errors have detailed explanations: E0423, E0573.\u001b[0m\n"}
{"message":"For more information about an error, try `rustc --explain E0423`.","code":null,"level":"failure-note","spans":[],"children":[],"rendered":"\u001b[0m\u001b[1mFor more information about an error, try `rustc --explain E0423`.\u001b[0m\n"}
